# JRE version: Java(TM) SE Runtime Environment (8.0_191-b12) (build 1.8.0_191-b12)
# Java VM: Java HotSpot(TM) 64-Bit Server VM (25.191-b12 mixed mode bsd-amd64 compressed oops)
Heap:
 PSYoungGen      total 615424K, used 509815K [0x0000000795580000, 0x00000007c0000000, 0x00000007c0000000)
  eden space 531968K, 85% used [0x0000000795580000,0x00000007b131dd48,0x00000007b5d00000)
  from space 83456K, 64% used [0x00000007bae80000,0x00000007be2c0000,0x00000007c0000000)
  to   space 83456K, 0% used [0x00000007b5d00000,0x00000007b5d00000,0x00000007bae80000)
 ParOldGen       total 612864K, used 311965K [0x0000000740000000, 0x0000000765680000, 0x0000000795580000)
  object space 612864K, 50% used [0x0000000740000000,0x00000007530a76e8,0x0000000765680000)
 Metaspace       used 27183K, capacity 28182K, committed 28416K, reserved 1073152K
  class space    used 3563K, capacity 3831K, committed 3840K, reserved 1048576K
GC Heap History (10 events):
Event: 276.348 GC heap before
{Heap before GC invocations=237 (full 25):
 PSYoungGen      total 549376K, used 549056K [0x0000000795580000, 0x00000007c0000000, 0x00000007c0000000)
  eden space 548864K, 100% used [0x0000000795580000,0x00000007b6d80000,0x00000007b6d80000)
  from space 512K, 37% used [0x00000007b6d80000,0x00000007b6db0000,0x00000007b6e00000)
  to   space 78848K, 0% used [0x00000007bb300000,0x00000007bb300000,0x00000007c0000000)
 ParOldGen       total 612864K, used 204805K [0x0000000740000000, 0x0000000765680000, 0x0000000795580000)
  object space 612864K, 33% used [0x0000000740000000,0x000000074c8016e8,0x0000000765680000)
 Metaspace       used 27152K, capacity 28156K, committed 28416K, reserved 1073152K
  class space    used 3559K, capacity 3824K, committed 3840K, reserved 1048576K
Event: 276.405 GC heap after
Heap after GC invocations=237 (full 25):
 PSYoungGen      total 620544K, used 52352K [0x0000000795580000, 0x00000007c0000000, 0x00000007c0000000)
  eden space 541696K, 0% used [0x0000000795580000,0x0000000795580000,0x00000007b6680000)
  from space 78848K, 66% used [0x00000007bb300000,0x00000007be620000,0x00000007c0000000)
  to   space 78336K, 0% used [0x00000007b6680000,0x00000007b6680000,0x00000007bb300000)
 ParOldGen       total 612864K, used 204869K [0x0000000740000000, 0x0000000765680000, 0x0000000795580000)
  object space 612864K, 33% used [0x0000000740000000,0x000000074c8116e8,0x0000000765680000)
 Metaspace       used 27152K, capacity 28156K, committed 28416K, reserved 1073152K
  class space    used 3559K, capacity 3824K, committed 3840K, reserved 1048576K
}
Event: 276.645 GC heap before
{Heap before GC invocations=238 (full 25):
 PSYoungGen      total 620544K, used 594048K [0x0000000795580000, 0x00000007c0000000, 0x00000007c0000000)
  eden space 541696K, 100% used [0x0000000795580000,0x00000007b6680000,0x00000007b6680000)
  from space 78848K, 66% used [0x00000007bb300000,0x00000007be620000,0x00000007c0000000)
  to   space 78336K, 0% used [0x00000007b6680000,0x00000007b6680000,0x00000007bb300000)
 ParOldGen       total 612864K, used 204869K [0x0000000740000000, 0x0000000765680000, 0x0000000795580000)
  object space 612864K, 33% used [0x0000000740000000,0x000000074c8116e8,0x0000000765680000)
 Metaspace       used 27152K, capacity 28156K, committed 28416K, reserved 1073152K
  class space    used 3559K, capacity 3824K, committed 3840K, reserved 1048576K
Event: 276.782 GC heap after
Heap after GC invocations=238 (full 25):
 PSYoungGen      total 620032K, used 54432K [0x0000000795580000, 0x00000007bff80000, 0x00000007c0000000)
  eden space 541696K, 0% used [0x0000000795580000,0x0000000795580000,0x00000007b6680000)
  from space 78336K, 69% used [0x00000007b6680000,0x00000007b9ba8000,0x00000007bb300000)
  to   space 78336K, 0% used [0x00000007bb300000,0x00000007bb300000,0x00000007bff80000)
 ParOldGen       total 612864K, used 257373K [0x0000000740000000, 0x0000000765680000, 0x0000000795580000)
  object space 612864K, 41% used [0x0000000740000000,0x000000074fb576e8,0x0000000765680000)
 Metaspace       used 27152K, capacity 28156K, committed 28416K, reserved 1073152K
  class space    used 3559K, capacity 3824K, committed 3840K, reserved 1048576K
}
Event: 277.916 GC heap before
{Heap before GC invocations=239 (full 25):
 PSYoungGen      total 620032K, used 596128K [0x0000000795580000, 0x00000007bff80000, 0x00000007c0000000)
  eden space 541696K, 100% used [0x0000000795580000,0x00000007b6680000,0x00000007b6680000)
  from space 78336K, 69% used [0x00000007b6680000,0x00000007b9ba8000,0x00000007bb300000)
  to   space 78336K, 0% used [0x00000007bb300000,0x00000007bb300000,0x00000007bff80000)
 ParOldGen       total 612864K, used 257373K [0x0000000740000000, 0x0000000765680000, 0x0000000795580000)
  object space 612864K, 41% used [0x0000000740000000,0x000000074fb576e8,0x0000000765680000)
 Metaspace       used 27183K, capacity 28182K, committed 28416K, reserved 1073152K
  class space    used 3563K, capacity 3831K, committed 3840K, reserved 1048576K
Event: 277.919 GC heap after
Heap after GC invocations=239 (full 25):
 PSYoungGen      total 611328K, used 1152K [0x0000000795580000, 0x00000007c0000000, 0x00000007c0000000)
  eden space 532992K, 0% used [0x0000000795580000,0x0000000795580000,0x00000007b5e00000)
  from space 78336K, 1% used [0x00000007bb300000,0x00000007bb420000,0x00000007bff80000)
  to   space 82944K, 0% used [0x00000007b5e00000,0x00000007b5e00000,0x00000007baf00000)
 ParOldGen       total 612864K, used 257421K [0x0000000740000000, 0x0000000765680000, 0x0000000795580000)
  object space 612864K, 42% used [0x0000000740000000,0x000000074fb636e8,0x0000000765680000)
 Metaspace       used 27183K, capacity 28182K, committed 28416K, reserved 1073152K
  class space    used 3563K, capacity 3831K, committed 3840K, reserved 1048576K
}
Event: 278.151 GC heap before
{Heap before GC invocations=240 (full 25):
 PSYoungGen      total 611328K, used 534144K [0x0000000795580000, 0x00000007c0000000, 0x00000007c0000000)
  eden space 532992K, 100% used [0x0000000795580000,0x00000007b5e00000,0x00000007b5e00000)
  from space 78336K, 1% used [0x00000007bb300000,0x00000007bb420000,0x00000007bff80000)
  to   space 82944K, 0% used [0x00000007b5e00000,0x00000007b5e00000,0x00000007baf00000)
 ParOldGen       total 612864K, used 257421K [0x0000000740000000, 0x0000000765680000, 0x0000000795580000)
  object space 612864K, 42% used [0x0000000740000000,0x000000074fb636e8,0x0000000765680000)
 Metaspace       used 27183K, capacity 28182K, committed 28416K, reserved 1073152K
  class space    used 3563K, capacity 3831K, committed 3840K, reserved 1048576K
Event: 278.211 GC heap after
Heap after GC invocations=240 (full 25):
 PSYoungGen      total 586752K, used 53376K [0x0000000795580000, 0x00000007c0000000, 0x00000007c0000000)
  eden space 532992K, 0% used [0x0000000795580000,0x0000000795580000,0x00000007b5e00000)
  from space 53760K, 99% used [0x00000007b5e00000,0x00000007b9220000,0x00000007b9280000)
  to   space 83456K, 0% used [0x00000007bae80000,0x00000007bae80000,0x00000007c0000000)
 ParOldGen       total 612864K, used 258461K [0x0000000740000000, 0x0000000765680000, 0x0000000795580000)
  object space 612864K, 42% used [0x0000000740000000,0x000000074fc676e8,0x0000000765680000)
 Metaspace       used 27183K, capacity 28182K, committed 28416K, reserved 1073152K
  class space    used 3563K, capacity 3831K, committed 3840K, reserved 1048576K
}
Event: 278.452 GC heap before
{Heap before GC invocations=241 (full 25):
 PSYoungGen      total 586752K, used 586368K [0x0000000795580000, 0x00000007c0000000, 0x00000007c0000000)
  eden space 532992K, 100% used [0x0000000795580000,0x00000007b5e00000,0x00000007b5e00000)
  from space 53760K, 99% used [0x00000007b5e00000,0x00000007b9220000,0x00000007b9280000)
  to   space 83456K, 0% used [0x00000007bae80000,0x00000007bae80000,0x00000007c0000000)
 ParOldGen       total 612864K, used 258461K [0x0000000740000000, 0x0000000765680000, 0x0000000795580000)
  object space 612864K, 42% used [0x0000000740000000,0x000000074fc676e8,0x0000000765680000)
 Metaspace       used 27183K, capacity 28182K, committed 28416K, reserved 1073152K
  class space    used 3563K, capacity 3831K, committed 3840K, reserved 1048576K
Event: 278.616 GC heap after
Heap after GC invocations=241 (full 25):
 PSYoungGen      total 615424K, used 53504K [0x0000000795580000, 0x00000007c0000000, 0x00000007c0000000)
  eden space 531968K, 0% used [0x0000000795580000,0x0000000795580000,0x00000007b5d00000)
  from space 83456K, 64% used [0x00000007bae80000,0x00000007be2c0000,0x00000007c0000000)
  to   space 83456K, 0% used [0x00000007b5d00000,0x00000007b5d00000,0x00000007bae80000)
 ParOldGen       total 612864K, used 311965K [0x0000000740000000, 0x0000000765680000, 0x0000000795580000)
  object space 612864K, 50% used [0x0000000740000000,0x00000007530a76e8,0x0000000765680000)
 Metaspace       used 27183K, capacity 28182K, committed 28416K, reserved 1073152K
  class space    used 3563K, capacity 3831K, committed 3840K, reserved 1048576K
}

