# JRE version: Java(TM) SE Runtime Environment (8.0_191-b12) (build 1.8.0_191-b12)
# Java VM: Java HotSpot(TM) 64-Bit Server VM (25.191-b12 mixed mode bsd-amd64 compressed oops)
Heap:
 PSYoungGen      total 514560K, used 103985K [0x0000000795580000, 0x00000007bfb00000, 0x00000007c0000000)
  eden space 346624K, 19% used [0x0000000795580000,0x000000079991c570,0x00000007aa800000)
  from space 167936K, 20% used [0x00000007aa800000,0x00000007ac9f0000,0x00000007b4c00000)
  to   space 161792K, 0% used [0x00000007b5d00000,0x00000007b5d00000,0x00000007bfb00000)
 ParOldGen       total 692736K, used 564382K [0x0000000740000000, 0x000000076a480000, 0x0000000795580000)
  object space 692736K, 81% used [0x0000000740000000,0x0000000762727b68,0x000000076a480000)
 Metaspace       used 26929K, capacity 27886K, committed 28160K, reserved 1073152K
  class space    used 3549K, capacity 3797K, committed 3840K, reserved 1048576K
GC Heap History (10 events):
Event: 441.977 GC heap before
{Heap before GC invocations=127 (full 14):
 PSYoungGen      total 486400K, used 310272K [0x0000000795580000, 0x00000007bee80000, 0x00000007c0000000)
  eden space 310272K, 100% used [0x0000000795580000,0x00000007a8480000,0x00000007a8480000)
  from space 176128K, 0% used [0x00000007b4280000,0x00000007b4280000,0x00000007bee80000)
  to   space 185344K, 0% used [0x00000007a8480000,0x00000007a8480000,0x00000007b3980000)
 ParOldGen       total 692736K, used 436334K [0x0000000740000000, 0x000000076a480000, 0x0000000795580000)
  object space 692736K, 62% used [0x0000000740000000,0x000000075aa1bb68,0x000000076a480000)
 Metaspace       used 26926K, capacity 27886K, committed 28160K, reserved 1073152K
  class space    used 3549K, capacity 3797K, committed 3840K, reserved 1048576K
Event: 442.009 GC heap after
Heap after GC invocations=127 (full 14):
 PSYoungGen      total 495616K, used 30528K [0x0000000795580000, 0x00000007c0000000, 0x00000007c0000000)
  eden space 310272K, 0% used [0x0000000795580000,0x0000000795580000,0x00000007a8480000)
  from space 185344K, 16% used [0x00000007a8480000,0x00000007aa250000,0x00000007b3980000)
  to   space 182272K, 0% used [0x00000007b4e00000,0x00000007b4e00000,0x00000007c0000000)
 ParOldGen       total 692736K, used 436342K [0x0000000740000000, 0x000000076a480000, 0x0000000795580000)
  object space 692736K, 62% used [0x0000000740000000,0x000000075aa1db68,0x000000076a480000)
 Metaspace       used 26926K, capacity 27886K, committed 28160K, reserved 1073152K
  class space    used 3549K, capacity 3797K, committed 3840K, reserved 1048576K
}
Event: 442.153 GC heap before
{Heap before GC invocations=128 (full 14):
 PSYoungGen      total 495616K, used 340800K [0x0000000795580000, 0x00000007c0000000, 0x00000007c0000000)
  eden space 310272K, 100% used [0x0000000795580000,0x00000007a8480000,0x00000007a8480000)
  from space 185344K, 16% used [0x00000007a8480000,0x00000007aa250000,0x00000007b3980000)
  to   space 182272K, 0% used [0x00000007b4e00000,0x00000007b4e00000,0x00000007c0000000)
 ParOldGen       total 692736K, used 436342K [0x0000000740000000, 0x000000076a480000, 0x0000000795580000)
  object space 692736K, 62% used [0x0000000740000000,0x000000075aa1db68,0x000000076a480000)
 Metaspace       used 26927K, capacity 27886K, committed 28160K, reserved 1073152K
  class space    used 3549K, capacity 3797K, committed 3840K, reserved 1048576K
Event: 442.219 GC heap after
Heap after GC invocations=128 (full 14):
 PSYoungGen      total 503296K, used 31104K [0x0000000795580000, 0x00000007bf600000, 0x00000007c0000000)
  eden space 331264K, 0% used [0x0000000795580000,0x0000000795580000,0x00000007a9900000)
  from space 172032K, 18% used [0x00000007b4e00000,0x00000007b6c60000,0x00000007bf600000)
  to   space 178688K, 0% used [0x00000007a9900000,0x00000007a9900000,0x00000007b4780000)
 ParOldGen       total 692736K, used 466870K [0x0000000740000000, 0x000000076a480000, 0x0000000795580000)
  object space 692736K, 67% used [0x0000000740000000,0x000000075c7edb68,0x000000076a480000)
 Metaspace       used 26927K, capacity 27886K, committed 28160K, reserved 1073152K
  class space    used 3549K, capacity 3797K, committed 3840K, reserved 1048576K
}
Event: 442.367 GC heap before
{Heap before GC invocations=129 (full 14):
 PSYoungGen      total 503296K, used 362368K [0x0000000795580000, 0x00000007bf600000, 0x00000007c0000000)
  eden space 331264K, 100% used [0x0000000795580000,0x00000007a9900000,0x00000007a9900000)
  from space 172032K, 18% used [0x00000007b4e00000,0x00000007b6c60000,0x00000007bf600000)
  to   space 178688K, 0% used [0x00000007a9900000,0x00000007a9900000,0x00000007b4780000)
 ParOldGen       total 692736K, used 466870K [0x0000000740000000, 0x000000076a480000, 0x0000000795580000)
  object space 692736K, 67% used [0x0000000740000000,0x000000075c7edb68,0x000000076a480000)
 Metaspace       used 26928K, capacity 27886K, committed 28160K, reserved 1073152K
  class space    used 3549K, capacity 3797K, committed 3840K, reserved 1048576K
Event: 442.439 GC heap after
Heap after GC invocations=129 (full 14):
 PSYoungGen      total 509952K, used 33184K [0x0000000795580000, 0x00000007bfc80000, 0x00000007c0000000)
  eden space 331264K, 0% used [0x0000000795580000,0x0000000795580000,0x00000007a9900000)
  from space 178688K, 18% used [0x00000007a9900000,0x00000007ab968000,0x00000007b4780000)
  to   space 173568K, 0% used [0x00000007b5300000,0x00000007b5300000,0x00000007bfc80000)
 ParOldGen       total 692736K, used 497974K [0x0000000740000000, 0x000000076a480000, 0x0000000795580000)
  object space 692736K, 71% used [0x0000000740000000,0x000000075e64db68,0x000000076a480000)
 Metaspace       used 26928K, capacity 27886K, committed 28160K, reserved 1073152K
  class space    used 3549K, capacity 3797K, committed 3840K, reserved 1048576K
}
Event: 442.583 GC heap before
{Heap before GC invocations=130 (full 14):
 PSYoungGen      total 509952K, used 364448K [0x0000000795580000, 0x00000007bfc80000, 0x00000007c0000000)
  eden space 331264K, 100% used [0x0000000795580000,0x00000007a9900000,0x00000007a9900000)
  from space 178688K, 18% used [0x00000007a9900000,0x00000007ab968000,0x00000007b4780000)
  to   space 173568K, 0% used [0x00000007b5300000,0x00000007b5300000,0x00000007bfc80000)
 ParOldGen       total 692736K, used 497974K [0x0000000740000000, 0x000000076a480000, 0x0000000795580000)
  object space 692736K, 71% used [0x0000000740000000,0x000000075e64db68,0x000000076a480000)
 Metaspace       used 26928K, capacity 27886K, committed 28160K, reserved 1073152K
  class space    used 3549K, capacity 3797K, committed 3840K, reserved 1048576K
Event: 442.655 GC heap after
Heap after GC invocations=130 (full 14):
 PSYoungGen      total 507392K, used 33152K [0x0000000795580000, 0x00000007bf000000, 0x00000007c0000000)
  eden space 346624K, 0% used [0x0000000795580000,0x0000000795580000,0x00000007aa800000)
  from space 160768K, 20% used [0x00000007b5300000,0x00000007b7360000,0x00000007bf000000)
  to   space 167936K, 0% used [0x00000007aa800000,0x00000007aa800000,0x00000007b4c00000)
 ParOldGen       total 692736K, used 531174K [0x0000000740000000, 0x000000076a480000, 0x0000000795580000)
  object space 692736K, 76% used [0x0000000740000000,0x00000007606b9b68,0x000000076a480000)
 Metaspace       used 26928K, capacity 27886K, committed 28160K, reserved 1073152K
  class space    used 3549K, capacity 3797K, committed 3840K, reserved 1048576K
}
Event: 442.805 GC heap before
{Heap before GC invocations=131 (full 14):
 PSYoungGen      total 507392K, used 379776K [0x0000000795580000, 0x00000007bf000000, 0x00000007c0000000)
  eden space 346624K, 100% used [0x0000000795580000,0x00000007aa800000,0x00000007aa800000)
  from space 160768K, 20% used [0x00000007b5300000,0x00000007b7360000,0x00000007bf000000)
  to   space 167936K, 0% used [0x00000007aa800000,0x00000007aa800000,0x00000007b4c00000)
 ParOldGen       total 692736K, used 531174K [0x0000000740000000, 0x000000076a480000, 0x0000000795580000)
  object space 692736K, 76% used [0x0000000740000000,0x00000007606b9b68,0x000000076a480000)
 Metaspace       used 26929K, capacity 27886K, committed 28160K, reserved 1073152K
  class space    used 3549K, capacity 3797K, committed 3840K, reserved 1048576K
Event: 442.881 GC heap after
Heap after GC invocations=131 (full 14):
 PSYoungGen      total 514560K, used 34752K [0x0000000795580000, 0x00000007bfb00000, 0x00000007c0000000)
  eden space 346624K, 0% used [0x0000000795580000,0x0000000795580000,0x00000007aa800000)
  from space 167936K, 20% used [0x00000007aa800000,0x00000007ac9f0000,0x00000007b4c00000)
  to   space 161792K, 0% used [0x00000007b5d00000,0x00000007b5d00000,0x00000007bfb00000)
 ParOldGen       total 692736K, used 564382K [0x0000000740000000, 0x000000076a480000, 0x0000000795580000)
  object space 692736K, 81% used [0x0000000740000000,0x0000000762727b68,0x000000076a480000)
 Metaspace       used 26929K, capacity 27886K, committed 28160K, reserved 1073152K
  class space    used 3549K, capacity 3797K, committed 3840K, reserved 1048576K
}

