# JRE version: Java(TM) SE Runtime Environment (8.0_191-b12) (build 1.8.0_191-b12)
# Java VM: Java HotSpot(TM) 64-Bit Server VM (25.191-b12 mixed mode bsd-amd64 compressed oops)
Heap:
 PSYoungGen      total 434176K, used 279314K [0x0000000795580000, 0x00000007c0000000, 0x00000007c0000000)
  eden space 308736K, 49% used [0x0000000795580000,0x000000079ec3ba60,0x00000007a8300000)
  from space 125440K, 99% used [0x00000007a8f00000,0x00000007b0908f00,0x00000007b0980000)
  to   space 196608K, 0% used [0x00000007b4000000,0x00000007b4000000,0x00000007c0000000)
 ParOldGen       total 458240K, used 330796K [0x0000000740000000, 0x000000075bf80000, 0x0000000795580000)
  object space 458240K, 72% used [0x0000000740000000,0x000000075430b328,0x000000075bf80000)
 Metaspace       used 26554K, capacity 27576K, committed 27904K, reserved 1073152K
  class space    used 3492K, capacity 3732K, committed 3840K, reserved 1048576K
GC Heap History (10 events):
Event: 574.635 GC heap before
{Heap before GC invocations=14 (full 3):
 PSYoungGen      total 386560K, used 324572K [0x0000000795580000, 0x00000007b8480000, 0x00000007c0000000)
  eden space 295424K, 100% used [0x0000000795580000,0x00000007a7600000,0x00000007a7600000)
  from space 91136K, 31% used [0x00000007af400000,0x00000007b1077000,0x00000007b4d00000)
  to   space 129024K, 0% used [0x00000007a7600000,0x00000007a7600000,0x00000007af400000)
 ParOldGen       total 458240K, used 301452K [0x0000000740000000, 0x000000075bf80000, 0x0000000795580000)
  object space 458240K, 65% used [0x0000000740000000,0x0000000752663328,0x000000075bf80000)
 Metaspace       used 23690K, capacity 24630K, committed 24704K, reserved 1071104K
  class space    used 3153K, capacity 3397K, committed 3456K, reserved 1048576K
Event: 574.787 GC heap after
Heap after GC invocations=14 (full 3):
 PSYoungGen      total 424448K, used 124332K [0x0000000795580000, 0x00000007bde00000, 0x00000007c0000000)
  eden space 295424K, 0% used [0x0000000795580000,0x0000000795580000,0x00000007a7600000)
  from space 129024K, 96% used [0x00000007a7600000,0x00000007aef6b000,0x00000007af400000)
  to   space 149504K, 0% used [0x00000007b4c00000,0x00000007b4c00000,0x00000007bde00000)
 ParOldGen       total 458240K, used 330764K [0x0000000740000000, 0x000000075bf80000, 0x0000000795580000)
  object space 458240K, 72% used [0x0000000740000000,0x0000000754303328,0x000000075bf80000)
 Metaspace       used 23690K, capacity 24630K, committed 24704K, reserved 1071104K
  class space    used 3153K, capacity 3397K, committed 3456K, reserved 1048576K
}
Event: 845.570 GC heap before
{Heap before GC invocations=15 (full 3):
 PSYoungGen      total 424448K, used 419756K [0x0000000795580000, 0x00000007bde00000, 0x00000007c0000000)
  eden space 295424K, 100% used [0x0000000795580000,0x00000007a7600000,0x00000007a7600000)
  from space 129024K, 96% used [0x00000007a7600000,0x00000007aef6b000,0x00000007af400000)
  to   space 149504K, 0% used [0x00000007b4c00000,0x00000007b4c00000,0x00000007bde00000)
 ParOldGen       total 458240K, used 330764K [0x0000000740000000, 0x000000075bf80000, 0x0000000795580000)
  object space 458240K, 72% used [0x0000000740000000,0x0000000754303328,0x000000075bf80000)
 Metaspace       used 23695K, capacity 24630K, committed 24704K, reserved 1071104K
  class space    used 3154K, capacity 3397K, committed 3456K, reserved 1048576K
Event: 845.805 GC heap after
Heap after GC invocations=15 (full 3):
 PSYoungGen      total 497664K, used 124830K [0x0000000795580000, 0x00000007bf580000, 0x00000007c0000000)
  eden space 348160K, 0% used [0x0000000795580000,0x0000000795580000,0x00000007aa980000)
  from space 149504K, 83% used [0x00000007b4c00000,0x00000007bc5e7a60,0x00000007bde00000)
  to   space 166400K, 0% used [0x00000007aa980000,0x00000007aa980000,0x00000007b4c00000)
 ParOldGen       total 458240K, used 330772K [0x0000000740000000, 0x000000075bf80000, 0x0000000795580000)
  object space 458240K, 72% used [0x0000000740000000,0x0000000754305328,0x000000075bf80000)
 Metaspace       used 23695K, capacity 24630K, committed 24704K, reserved 1071104K
  class space    used 3154K, capacity 3397K, committed 3456K, reserved 1048576K
}
Event: 1169.829 GC heap before
{Heap before GC invocations=16 (full 3):
 PSYoungGen      total 497664K, used 472990K [0x0000000795580000, 0x00000007bf580000, 0x00000007c0000000)
  eden space 348160K, 100% used [0x0000000795580000,0x00000007aa980000,0x00000007aa980000)
  from space 149504K, 83% used [0x00000007b4c00000,0x00000007bc5e7a60,0x00000007bde00000)
  to   space 166400K, 0% used [0x00000007aa980000,0x00000007aa980000,0x00000007b4c00000)
 ParOldGen       total 458240K, used 330772K [0x0000000740000000, 0x000000075bf80000, 0x0000000795580000)
  object space 458240K, 72% used [0x0000000740000000,0x0000000754305328,0x000000075bf80000)
 Metaspace       used 23696K, capacity 24630K, committed 24704K, reserved 1071104K
  class space    used 3155K, capacity 3397K, committed 3456K, reserved 1048576K
Event: 1170.102 GC heap after
Heap after GC invocations=16 (full 3):
 PSYoungGen      total 514560K, used 124892K [0x0000000795580000, 0x00000007c0000000, 0x00000007c0000000)
  eden space 348160K, 0% used [0x0000000795580000,0x0000000795580000,0x00000007aa980000)
  from space 166400K, 75% used [0x00000007aa980000,0x00000007b2377010,0x00000007b4c00000)
  to   space 179200K, 0% used [0x00000007b5100000,0x00000007b5100000,0x00000007c0000000)
 ParOldGen       total 458240K, used 330780K [0x0000000740000000, 0x000000075bf80000, 0x0000000795580000)
  object space 458240K, 72% used [0x0000000740000000,0x0000000754307328,0x000000075bf80000)
 Metaspace       used 23696K, capacity 24630K, committed 24704K, reserved 1071104K
  class space    used 3155K, capacity 3397K, committed 3456K, reserved 1048576K
}
Event: 1494.831 GC heap before
{Heap before GC invocations=17 (full 3):
 PSYoungGen      total 514560K, used 473052K [0x0000000795580000, 0x00000007c0000000, 0x00000007c0000000)
  eden space 348160K, 100% used [0x0000000795580000,0x00000007aa980000,0x00000007aa980000)
  from space 166400K, 75% used [0x00000007aa980000,0x00000007b2377010,0x00000007b4c00000)
  to   space 179200K, 0% used [0x00000007b5100000,0x00000007b5100000,0x00000007c0000000)
 ParOldGen       total 458240K, used 330780K [0x0000000740000000, 0x000000075bf80000, 0x0000000795580000)
  object space 458240K, 72% used [0x0000000740000000,0x0000000754307328,0x000000075bf80000)
 Metaspace       used 23699K, capacity 24630K, committed 24704K, reserved 1071104K
  class space    used 3155K, capacity 3397K, committed 3456K, reserved 1048576K
Event: 1495.189 GC heap after
Heap after GC invocations=17 (full 3):
 PSYoungGen      total 500224K, used 124924K [0x0000000795580000, 0x00000007c0000000, 0x00000007c0000000)
  eden space 321024K, 0% used [0x0000000795580000,0x0000000795580000,0x00000007a8f00000)
  from space 179200K, 69% used [0x00000007b5100000,0x00000007bcaff010,0x00000007c0000000)
  to   space 188928K, 0% used [0x00000007a8f00000,0x00000007a8f00000,0x00000007b4780000)
 ParOldGen       total 458240K, used 330788K [0x0000000740000000, 0x000000075bf80000, 0x0000000795580000)
  object space 458240K, 72% used [0x0000000740000000,0x0000000754309328,0x000000075bf80000)
 Metaspace       used 23699K, capacity 24630K, committed 24704K, reserved 1071104K
  class space    used 3155K, capacity 3397K, committed 3456K, reserved 1048576K
}
Event: 1794.076 GC heap before
{Heap before GC invocations=18 (full 3):
 PSYoungGen      total 500224K, used 445948K [0x0000000795580000, 0x00000007c0000000, 0x00000007c0000000)
  eden space 321024K, 100% used [0x0000000795580000,0x00000007a8f00000,0x00000007a8f00000)
  from space 179200K, 69% used [0x00000007b5100000,0x00000007bcaff010,0x00000007c0000000)
  to   space 188928K, 0% used [0x00000007a8f00000,0x00000007a8f00000,0x00000007b4780000)
 ParOldGen       total 458240K, used 330788K [0x0000000740000000, 0x000000075bf80000, 0x0000000795580000)
  object space 458240K, 72% used [0x0000000740000000,0x0000000754309328,0x000000075bf80000)
 Metaspace       used 23699K, capacity 24630K, committed 24704K, reserved 1071104K
  class space    used 3155K, capacity 3397K, committed 3456K, reserved 1048576K
Event: 1794.156 GC heap after
Heap after GC invocations=18 (full 3):
 PSYoungGen      total 434176K, used 124963K [0x0000000795580000, 0x00000007c0000000, 0x00000007c0000000)
  eden space 308736K, 0% used [0x0000000795580000,0x0000000795580000,0x00000007a8300000)
  from space 125440K, 99% used [0x00000007a8f00000,0x00000007b0908f00,0x00000007b0980000)
  to   space 196608K, 0% used [0x00000007b4000000,0x00000007b4000000,0x00000007c0000000)
 ParOldGen       total 458240K, used 330796K [0x0000000740000000, 0x000000075bf80000, 0x0000000795580000)
  object space 458240K, 72% used [0x0000000740000000,0x000000075430b328,0x000000075bf80000)
 Metaspace       used 23699K, capacity 24630K, committed 24704K, reserved 1071104K
  class space    used 3155K, capacity 3397K, committed 3456K, reserved 1048576K
}

