# JRE version: Java(TM) SE Runtime Environment (8.0_191-b12) (build 1.8.0_191-b12)
# Java VM: Java HotSpot(TM) 64-Bit Server VM (25.191-b12 mixed mode bsd-amd64 compressed oops)
Heap:
 PSYoungGen      total 90624K, used 53738K [0x0000000795580000, 0x000000079bf80000, 0x00000007c0000000)
  eden space 72704K, 64% used [0x0000000795580000,0x0000000798382950,0x0000000799c80000)
  from space 17920K, 36% used [0x000000079ae00000,0x000000079b478000,0x000000079bf80000)
  to   space 17920K, 0% used [0x0000000799c80000,0x0000000799c80000,0x000000079ae00000)
 ParOldGen       total 188928K, used 150634K [0x0000000740000000, 0x000000074b880000, 0x0000000795580000)
  object space 188928K, 79% used [0x0000000740000000,0x000000074931a9d8,0x000000074b880000)
 Metaspace       used 27359K, capacity 28342K, committed 28416K, reserved 1073152K
  class space    used 3553K, capacity 3797K, committed 3840K, reserved 1048576K
GC Heap History (10 events):
Event: 776.923 GC heap before
{Heap before GC invocations=93 (full 2):
 PSYoungGen      total 78336K, used 62752K [0x0000000795580000, 0x000000079b700000, 0x00000007c0000000)
  eden space 57856K, 100% used [0x0000000795580000,0x0000000798e00000,0x0000000798e00000)
  from space 20480K, 23% used [0x000000079a300000,0x000000079a7c8000,0x000000079b700000)
  to   space 20992K, 0% used [0x0000000798e00000,0x0000000798e00000,0x000000079a280000)
 ParOldGen       total 142848K, used 130039K [0x0000000740000000, 0x0000000748b80000, 0x0000000795580000)
  object space 142848K, 91% used [0x0000000740000000,0x0000000747efdd90,0x0000000748b80000)
 Metaspace       used 27344K, capacity 28316K, committed 28416K, reserved 1073152K
  class space    used 3548K, capacity 3790K, committed 3840K, reserved 1048576K
Event: 776.932 GC heap after
Heap after GC invocations=93 (full 2):
 PSYoungGen      total 78848K, used 7134K [0x0000000795580000, 0x000000079c080000, 0x00000007c0000000)
  eden space 57856K, 0% used [0x0000000795580000,0x0000000795580000,0x0000000798e00000)
  from space 20992K, 33% used [0x0000000798e00000,0x00000007994f7b58,0x000000079a280000)
  to   space 19968K, 0% used [0x000000079ad00000,0x000000079ad00000,0x000000079c080000)
 ParOldGen       total 142848K, used 134943K [0x0000000740000000, 0x0000000748b80000, 0x0000000795580000)
  object space 142848K, 94% used [0x0000000740000000,0x00000007483c7d90,0x0000000748b80000)
 Metaspace       used 27344K, capacity 28316K, committed 28416K, reserved 1073152K
  class space    used 3548K, capacity 3790K, committed 3840K, reserved 1048576K
}
Event: 776.932 GC heap before
{Heap before GC invocations=94 (full 3):
 PSYoungGen      total 78848K, used 7134K [0x0000000795580000, 0x000000079c080000, 0x00000007c0000000)
  eden space 57856K, 0% used [0x0000000795580000,0x0000000795580000,0x0000000798e00000)
  from space 20992K, 33% used [0x0000000798e00000,0x00000007994f7b58,0x000000079a280000)
  to   space 19968K, 0% used [0x000000079ad00000,0x000000079ad00000,0x000000079c080000)
 ParOldGen       total 142848K, used 134943K [0x0000000740000000, 0x0000000748b80000, 0x0000000795580000)
  object space 142848K, 94% used [0x0000000740000000,0x00000007483c7d90,0x0000000748b80000)
 Metaspace       used 27344K, capacity 28316K, committed 28416K, reserved 1073152K
  class space    used 3548K, capacity 3790K, committed 3840K, reserved 1048576K
Event: 777.210 GC heap after
Heap after GC invocations=94 (full 3):
 PSYoungGen      total 78848K, used 0K [0x0000000795580000, 0x000000079c080000, 0x00000007c0000000)
  eden space 57856K, 0% used [0x0000000795580000,0x0000000795580000,0x0000000798e00000)
  from space 20992K, 0% used [0x0000000798e00000,0x0000000798e00000,0x000000079a280000)
  to   space 19968K, 0% used [0x000000079ad00000,0x000000079ad00000,0x000000079c080000)
 ParOldGen       total 188928K, used 138474K [0x0000000740000000, 0x000000074b880000, 0x0000000795580000)
  object space 188928K, 73% used [0x0000000740000000,0x000000074873a9d8,0x000000074b880000)
 Metaspace       used 27344K, capacity 28316K, committed 28416K, reserved 1073152K
  class space    used 3548K, capacity 3790K, committed 3840K, reserved 1048576K
}
Event: 777.234 GC heap before
{Heap before GC invocations=95 (full 3):
 PSYoungGen      total 78848K, used 57856K [0x0000000795580000, 0x000000079c080000, 0x00000007c0000000)
  eden space 57856K, 100% used [0x0000000795580000,0x0000000798e00000,0x0000000798e00000)
  from space 20992K, 0% used [0x0000000798e00000,0x0000000798e00000,0x000000079a280000)
  to   space 19968K, 0% used [0x000000079ad00000,0x000000079ad00000,0x000000079c080000)
 ParOldGen       total 188928K, used 138474K [0x0000000740000000, 0x000000074b880000, 0x0000000795580000)
  object space 188928K, 73% used [0x0000000740000000,0x000000074873a9d8,0x000000074b880000)
 Metaspace       used 27358K, capacity 28342K, committed 28416K, reserved 1073152K
  class space    used 3553K, capacity 3797K, committed 3840K, reserved 1048576K
Event: 777.242 GC heap after
Heap after GC invocations=95 (full 3):
 PSYoungGen      total 78336K, used 5696K [0x0000000795580000, 0x000000079ba80000, 0x00000007c0000000)
  eden space 64512K, 0% used [0x0000000795580000,0x0000000795580000,0x0000000799480000)
  from space 13824K, 41% used [0x000000079ad00000,0x000000079b290000,0x000000079ba80000)
  to   space 19456K, 0% used [0x0000000799480000,0x0000000799480000,0x000000079a780000)
 ParOldGen       total 188928K, used 138482K [0x0000000740000000, 0x000000074b880000, 0x0000000795580000)
  object space 188928K, 73% used [0x0000000740000000,0x000000074873c9d8,0x000000074b880000)
 Metaspace       used 27358K, capacity 28342K, committed 28416K, reserved 1073152K
  class space    used 3553K, capacity 3797K, committed 3840K, reserved 1048576K
}
Event: 777.269 GC heap before
{Heap before GC invocations=96 (full 3):
 PSYoungGen      total 78336K, used 70208K [0x0000000795580000, 0x000000079ba80000, 0x00000007c0000000)
  eden space 64512K, 100% used [0x0000000795580000,0x0000000799480000,0x0000000799480000)
  from space 13824K, 41% used [0x000000079ad00000,0x000000079b290000,0x000000079ba80000)
  to   space 19456K, 0% used [0x0000000799480000,0x0000000799480000,0x000000079a780000)
 ParOldGen       total 188928K, used 138482K [0x0000000740000000, 0x000000074b880000, 0x0000000795580000)
  object space 188928K, 73% used [0x0000000740000000,0x000000074873c9d8,0x000000074b880000)
 Metaspace       used 27358K, capacity 28342K, committed 28416K, reserved 1073152K
  class space    used 3553K, capacity 3797K, committed 3840K, reserved 1048576K
Event: 777.280 GC heap after
Heap after GC invocations=96 (full 3):
 PSYoungGen      total 83968K, used 6592K [0x0000000795580000, 0x000000079c000000, 0x00000007c0000000)
  eden space 64512K, 0% used [0x0000000795580000,0x0000000795580000,0x0000000799480000)
  from space 19456K, 33% used [0x0000000799480000,0x0000000799af0000,0x000000079a780000)
  to   space 18432K, 0% used [0x000000079ae00000,0x000000079ae00000,0x000000079c000000)
 ParOldGen       total 188928K, used 144114K [0x0000000740000000, 0x000000074b880000, 0x0000000795580000)
  object space 188928K, 76% used [0x0000000740000000,0x0000000748cbc9d8,0x000000074b880000)
 Metaspace       used 27358K, capacity 28342K, committed 28416K, reserved 1073152K
  class space    used 3553K, capacity 3797K, committed 3840K, reserved 1048576K
}
Event: 777.305 GC heap before
{Heap before GC invocations=97 (full 3):
 PSYoungGen      total 83968K, used 71104K [0x0000000795580000, 0x000000079c000000, 0x00000007c0000000)
  eden space 64512K, 100% used [0x0000000795580000,0x0000000799480000,0x0000000799480000)
  from space 19456K, 33% used [0x0000000799480000,0x0000000799af0000,0x000000079a780000)
  to   space 18432K, 0% used [0x000000079ae00000,0x000000079ae00000,0x000000079c000000)
 ParOldGen       total 188928K, used 144114K [0x0000000740000000, 0x000000074b880000, 0x0000000795580000)
  object space 188928K, 76% used [0x0000000740000000,0x0000000748cbc9d8,0x000000074b880000)
 Metaspace       used 27358K, capacity 28342K, committed 28416K, reserved 1073152K
  class space    used 3553K, capacity 3797K, committed 3840K, reserved 1048576K
Event: 777.317 GC heap after
Heap after GC invocations=97 (full 3):
 PSYoungGen      total 90624K, used 6624K [0x0000000795580000, 0x000000079bf80000, 0x00000007c0000000)
  eden space 72704K, 0% used [0x0000000795580000,0x0000000795580000,0x0000000799c80000)
  from space 17920K, 36% used [0x000000079ae00000,0x000000079b478000,0x000000079bf80000)
  to   space 17920K, 0% used [0x0000000799c80000,0x0000000799c80000,0x000000079ae00000)
 ParOldGen       total 188928K, used 150634K [0x0000000740000000, 0x000000074b880000, 0x0000000795580000)
  object space 188928K, 79% used [0x0000000740000000,0x000000074931a9d8,0x000000074b880000)
 Metaspace       used 27358K, capacity 28342K, committed 28416K, reserved 1073152K
  class space    used 3553K, capacity 3797K, committed 3840K, reserved 1048576K
}

