# JRE version: Java(TM) SE Runtime Environment (8.0_191-b12) (build 1.8.0_191-b12)
# Java VM: Java HotSpot(TM) 64-Bit Server VM (25.191-b12 mixed mode bsd-amd64 compressed oops)
Heap:
 PSYoungGen      total 485376K, used 332609K [0x0000000795580000, 0x00000007bf980000, 0x00000007c0000000)
  eden space 281600K, 91% used [0x0000000795580000,0x00000007a5180690,0x00000007a6880000)
  from space 203776K, 36% used [0x00000007b2800000,0x00000007b70d0000,0x00000007bef00000)
  to   space 196096K, 0% used [0x00000007a6880000,0x00000007a6880000,0x00000007b2800000)
 ParOldGen       total 578560K, used 505440K [0x0000000740000000, 0x0000000763500000, 0x0000000795580000)
  object space 578560K, 87% used [0x0000000740000000,0x000000075ed98290,0x0000000763500000)
 Metaspace       used 27243K, capacity 28230K, committed 28416K, reserved 1073152K
  class space    used 3544K, capacity 3799K, committed 3840K, reserved 1048576K
GC Heap History (10 events):
Event: 483.853 GC heap before
{Heap before GC invocations=110 (full 9):
 PSYoungGen      total 442880K, used 442880K [0x0000000795580000, 0x00000007bf800000, 0x00000007c0000000)
  eden space 276480K, 100% used [0x0000000795580000,0x00000007a6380000,0x00000007a6380000)
  from space 166400K, 100% used [0x00000007b2000000,0x00000007bc280000,0x00000007bc280000)
  to   space 193024K, 0% used [0x00000007a6380000,0x00000007a6380000,0x00000007b2000000)
 ParOldGen       total 424960K, used 305487K [0x0000000740000000, 0x0000000759f00000, 0x0000000795580000)
  object space 424960K, 71% used [0x0000000740000000,0x0000000752a53d20,0x0000000759f00000)
 Metaspace       used 27206K, capacity 28140K, committed 28416K, reserved 1073152K
  class space    used 3540K, capacity 3792K, committed 3840K, reserved 1048576K
Event: 484.051 GC heap after
Heap after GC invocations=110 (full 9):
 PSYoungGen      total 469504K, used 156448K [0x0000000795580000, 0x00000007c0000000, 0x00000007c0000000)
  eden space 276480K, 0% used [0x0000000795580000,0x0000000795580000,0x00000007a6380000)
  from space 193024K, 81% used [0x00000007a6380000,0x00000007afc48000,0x00000007b2000000)
  to   space 209920K, 0% used [0x00000007b3300000,0x00000007b3300000,0x00000007c0000000)
 ParOldGen       total 424960K, used 343343K [0x0000000740000000, 0x0000000759f00000, 0x0000000795580000)
  object space 424960K, 80% used [0x0000000740000000,0x0000000754f4bd20,0x0000000759f00000)
 Metaspace       used 27206K, capacity 28140K, committed 28416K, reserved 1073152K
  class space    used 3540K, capacity 3792K, committed 3840K, reserved 1048576K
}
Event: 484.145 GC heap before
{Heap before GC invocations=111 (full 9):
 PSYoungGen      total 469504K, used 432928K [0x0000000795580000, 0x00000007c0000000, 0x00000007c0000000)
  eden space 276480K, 100% used [0x0000000795580000,0x00000007a6380000,0x00000007a6380000)
  from space 193024K, 81% used [0x00000007a6380000,0x00000007afc48000,0x00000007b2000000)
  to   space 209920K, 0% used [0x00000007b3300000,0x00000007b3300000,0x00000007c0000000)
 ParOldGen       total 424960K, used 343343K [0x0000000740000000, 0x0000000759f00000, 0x0000000795580000)
  object space 424960K, 80% used [0x0000000740000000,0x0000000754f4bd20,0x0000000759f00000)
 Metaspace       used 27206K, capacity 28140K, committed 28416K, reserved 1073152K
  class space    used 3540K, capacity 3792K, committed 3840K, reserved 1048576K
Event: 484.335 GC heap after
Heap after GC invocations=111 (full 9):
 PSYoungGen      total 478720K, used 135808K [0x0000000795580000, 0x00000007c0000000, 0x00000007c0000000)
  eden space 268800K, 0% used [0x0000000795580000,0x0000000795580000,0x00000007a5c00000)
  from space 209920K, 64% used [0x00000007b3300000,0x00000007bb7a0000,0x00000007c0000000)
  to   space 215040K, 0% used [0x00000007a5c00000,0x00000007a5c00000,0x00000007b2e00000)
 ParOldGen       total 424960K, used 391743K [0x0000000740000000, 0x0000000759f00000, 0x0000000795580000)
  object space 424960K, 92% used [0x0000000740000000,0x0000000757e8fd20,0x0000000759f00000)
 Metaspace       used 27206K, capacity 28140K, committed 28416K, reserved 1073152K
  class space    used 3540K, capacity 3792K, committed 3840K, reserved 1048576K
}
Event: 484.335 GC heap before
{Heap before GC invocations=112 (full 10):
 PSYoungGen      total 478720K, used 135808K [0x0000000795580000, 0x00000007c0000000, 0x00000007c0000000)
  eden space 268800K, 0% used [0x0000000795580000,0x0000000795580000,0x00000007a5c00000)
  from space 209920K, 64% used [0x00000007b3300000,0x00000007bb7a0000,0x00000007c0000000)
  to   space 215040K, 0% used [0x00000007a5c00000,0x00000007a5c00000,0x00000007b2e00000)
 ParOldGen       total 424960K, used 391743K [0x0000000740000000, 0x0000000759f00000, 0x0000000795580000)
  object space 424960K, 92% used [0x0000000740000000,0x0000000757e8fd20,0x0000000759f00000)
 Metaspace       used 27206K, capacity 28140K, committed 28416K, reserved 1073152K
  class space    used 3540K, capacity 3792K, committed 3840K, reserved 1048576K
Event: 485.441 GC heap after
Heap after GC invocations=112 (full 10):
 PSYoungGen      total 478720K, used 101241K [0x0000000795580000, 0x00000007c0000000, 0x00000007c0000000)
  eden space 268800K, 0% used [0x0000000795580000,0x0000000795580000,0x00000007a5c00000)
  from space 209920K, 48% used [0x00000007b3300000,0x00000007b95de620,0x00000007c0000000)
  to   space 215040K, 0% used [0x00000007a5c00000,0x00000007a5c00000,0x00000007b2e00000)
 ParOldGen       total 578560K, used 424936K [0x0000000740000000, 0x0000000763500000, 0x0000000795580000)
  object space 578560K, 73% used [0x0000000740000000,0x0000000759efa290,0x0000000763500000)
 Metaspace       used 27206K, capacity 28140K, committed 28416K, reserved 1073152K
  class space    used 3540K, capacity 3792K, committed 3840K, reserved 1048576K
}
Event: 485.534 GC heap before
{Heap before GC invocations=113 (full 10):
 PSYoungGen      total 478720K, used 370041K [0x0000000795580000, 0x00000007c0000000, 0x00000007c0000000)
  eden space 268800K, 100% used [0x0000000795580000,0x00000007a5c00000,0x00000007a5c00000)
  from space 209920K, 48% used [0x00000007b3300000,0x00000007b95de620,0x00000007c0000000)
  to   space 215040K, 0% used [0x00000007a5c00000,0x00000007a5c00000,0x00000007b2e00000)
 ParOldGen       total 578560K, used 424936K [0x0000000740000000, 0x0000000763500000, 0x0000000795580000)
  object space 578560K, 73% used [0x0000000740000000,0x0000000759efa290,0x0000000763500000)
 Metaspace       used 27227K, capacity 28166K, committed 28416K, reserved 1073152K
  class space    used 3544K, capacity 3799K, committed 3840K, reserved 1048576K
Event: 485.695 GC heap after
Heap after GC invocations=113 (full 10):
 PSYoungGen      total 356352K, used 87520K [0x0000000795580000, 0x00000007bef00000, 0x00000007c0000000)
  eden space 268800K, 0% used [0x0000000795580000,0x0000000795580000,0x00000007a5c00000)
  from space 87552K, 99% used [0x00000007a5c00000,0x00000007ab178000,0x00000007ab180000)
  to   space 203776K, 0% used [0x00000007b2800000,0x00000007b2800000,0x00000007bef00000)
 ParOldGen       total 578560K, used 465488K [0x0000000740000000, 0x0000000763500000, 0x0000000795580000)
  object space 578560K, 80% used [0x0000000740000000,0x000000075c694290,0x0000000763500000)
 Metaspace       used 27227K, capacity 28166K, committed 28416K, reserved 1073152K
  class space    used 3544K, capacity 3799K, committed 3840K, reserved 1048576K
}
Event: 485.786 GC heap before
{Heap before GC invocations=114 (full 10):
 PSYoungGen      total 356352K, used 356320K [0x0000000795580000, 0x00000007bef00000, 0x00000007c0000000)
  eden space 268800K, 100% used [0x0000000795580000,0x00000007a5c00000,0x00000007a5c00000)
  from space 87552K, 99% used [0x00000007a5c00000,0x00000007ab178000,0x00000007ab180000)
  to   space 203776K, 0% used [0x00000007b2800000,0x00000007b2800000,0x00000007bef00000)
 ParOldGen       total 578560K, used 465488K [0x0000000740000000, 0x0000000763500000, 0x0000000795580000)
  object space 578560K, 80% used [0x0000000740000000,0x000000075c694290,0x0000000763500000)
 Metaspace       used 27241K, capacity 28230K, committed 28416K, reserved 1073152K
  class space    used 3544K, capacity 3799K, committed 3840K, reserved 1048576K
Event: 485.897 GC heap after
Heap after GC invocations=114 (full 10):
 PSYoungGen      total 485376K, used 74560K [0x0000000795580000, 0x00000007bf980000, 0x00000007c0000000)
  eden space 281600K, 0% used [0x0000000795580000,0x0000000795580000,0x00000007a6880000)
  from space 203776K, 36% used [0x00000007b2800000,0x00000007b70d0000,0x00000007bef00000)
  to   space 196096K, 0% used [0x00000007a6880000,0x00000007a6880000,0x00000007b2800000)
 ParOldGen       total 578560K, used 505440K [0x0000000740000000, 0x0000000763500000, 0x0000000795580000)
  object space 578560K, 87% used [0x0000000740000000,0x000000075ed98290,0x0000000763500000)
 Metaspace       used 27241K, capacity 28230K, committed 28416K, reserved 1073152K
  class space    used 3544K, capacity 3799K, committed 3840K, reserved 1048576K
}

