# JRE version: Java(TM) SE Runtime Environment (8.0_191-b12) (build 1.8.0_191-b12)
# Java VM: Java HotSpot(TM) 64-Bit Server VM (25.191-b12 mixed mode bsd-amd64 compressed oops)
Heap:
 PSYoungGen      total 510464K, used 107636K [0x0000000795580000, 0x00000007be480000, 0x00000007c0000000)
  eden space 373248K, 1% used [0x0000000795580000,0x0000000795cc5208,0x00000007ac200000)
  from space 137216K, 73% used [0x00000007b4e80000,0x00000007bb058000,0x00000007bd480000)
  to   space 143872K, 0% used [0x00000007ac200000,0x00000007ac200000,0x00000007b4e80000)
 ParOldGen       total 646656K, used 498143K [0x0000000740000000, 0x0000000767780000, 0x0000000795580000)
  object space 646656K, 77% used [0x0000000740000000,0x000000075e677c58,0x0000000767780000)
 Metaspace       used 27235K, capacity 28194K, committed 28416K, reserved 1073152K
  class space    used 3549K, capacity 3793K, committed 3840K, reserved 1048576K
GC Heap History (10 events):
Event: 533.952 GC heap before
{Heap before GC invocations=107 (full 9):
 PSYoungGen      total 454656K, used 28480K [0x0000000795580000, 0x00000007b9a00000, 0x00000007c0000000)
  eden space 316928K, 0% used [0x0000000795580000,0x0000000795580000,0x00000007a8b00000)
  from space 137728K, 20% used [0x00000007b1380000,0x00000007b2f50000,0x00000007b9a00000)
  to   space 138752K, 0% used [0x00000007a8b00000,0x00000007a8b00000,0x00000007b1280000)
 ParOldGen       total 485376K, used 438976K [0x0000000740000000, 0x000000075da00000, 0x0000000795580000)
  object space 485376K, 90% used [0x0000000740000000,0x000000075acb00d8,0x000000075da00000)
 Metaspace       used 27202K, capacity 28104K, committed 28416K, reserved 1073152K
  class space    used 3545K, capacity 3786K, committed 3840K, reserved 1048576K
Event: 534.890 GC heap after
Heap after GC invocations=107 (full 9):
 PSYoungGen      total 454656K, used 0K [0x0000000795580000, 0x00000007b9a00000, 0x00000007c0000000)
  eden space 316928K, 0% used [0x0000000795580000,0x0000000795580000,0x00000007a8b00000)
  from space 137728K, 0% used [0x00000007b1380000,0x00000007b1380000,0x00000007b9a00000)
  to   space 138752K, 0% used [0x00000007a8b00000,0x00000007a8b00000,0x00000007b1280000)
 ParOldGen       total 646656K, used 466359K [0x0000000740000000, 0x0000000767780000, 0x0000000795580000)
  object space 646656K, 72% used [0x0000000740000000,0x000000075c76dc58,0x0000000767780000)
 Metaspace       used 27202K, capacity 28104K, committed 28416K, reserved 1073152K
  class space    used 3545K, capacity 3786K, committed 3840K, reserved 1048576K
}
Event: 535.006 GC heap before
{Heap before GC invocations=108 (full 9):
 PSYoungGen      total 454656K, used 316928K [0x0000000795580000, 0x00000007b9a00000, 0x00000007c0000000)
  eden space 316928K, 100% used [0x0000000795580000,0x00000007a8b00000,0x00000007a8b00000)
  from space 137728K, 0% used [0x00000007b1380000,0x00000007b1380000,0x00000007b9a00000)
  to   space 138752K, 0% used [0x00000007a8b00000,0x00000007a8b00000,0x00000007b1280000)
 ParOldGen       total 646656K, used 466359K [0x0000000740000000, 0x0000000767780000, 0x0000000795580000)
  object space 646656K, 72% used [0x0000000740000000,0x000000075c76dc58,0x0000000767780000)
 Metaspace       used 27202K, capacity 28104K, committed 28416K, reserved 1073152K
  class space    used 3545K, capacity 3786K, committed 3840K, reserved 1048576K
Event: 535.034 GC heap after
Heap after GC invocations=108 (full 9):
 PSYoungGen      total 455680K, used 31712K [0x0000000795580000, 0x00000007bb080000, 0x00000007c0000000)
  eden space 316928K, 0% used [0x0000000795580000,0x0000000795580000,0x00000007a8b00000)
  from space 138752K, 22% used [0x00000007a8b00000,0x00000007aa9f8000,0x00000007b1280000)
  to   space 135680K, 0% used [0x00000007b2c00000,0x00000007b2c00000,0x00000007bb080000)
 ParOldGen       total 646656K, used 466359K [0x0000000740000000, 0x0000000767780000, 0x0000000795580000)
  object space 646656K, 72% used [0x0000000740000000,0x000000075c76dc58,0x0000000767780000)
 Metaspace       used 27202K, capacity 28104K, committed 28416K, reserved 1073152K
  class space    used 3545K, capacity 3786K, committed 3840K, reserved 1048576K
}
Event: 535.160 GC heap before
{Heap before GC invocations=109 (full 9):
 PSYoungGen      total 455680K, used 348640K [0x0000000795580000, 0x00000007bb080000, 0x00000007c0000000)
  eden space 316928K, 100% used [0x0000000795580000,0x00000007a8b00000,0x00000007a8b00000)
  from space 138752K, 22% used [0x00000007a8b00000,0x00000007aa9f8000,0x00000007b1280000)
  to   space 135680K, 0% used [0x00000007b2c00000,0x00000007b2c00000,0x00000007bb080000)
 ParOldGen       total 646656K, used 466359K [0x0000000740000000, 0x0000000767780000, 0x0000000795580000)
  object space 646656K, 72% used [0x0000000740000000,0x000000075c76dc58,0x0000000767780000)
 Metaspace       used 27233K, capacity 28130K, committed 28416K, reserved 1073152K
  class space    used 3549K, capacity 3793K, committed 3840K, reserved 1048576K
Event: 535.223 GC heap after
Heap after GC invocations=109 (full 9):
 PSYoungGen      total 470528K, used 62816K [0x0000000795580000, 0x00000007ba580000, 0x00000007c0000000)
  eden space 346112K, 0% used [0x0000000795580000,0x0000000795580000,0x00000007aa780000)
  from space 124416K, 50% used [0x00000007b2c00000,0x00000007b6958000,0x00000007ba580000)
  to   space 130048K, 0% used [0x00000007aa780000,0x00000007aa780000,0x00000007b2680000)
 ParOldGen       total 646656K, used 466367K [0x0000000740000000, 0x0000000767780000, 0x0000000795580000)
  object space 646656K, 72% used [0x0000000740000000,0x000000075c76fc58,0x0000000767780000)
 Metaspace       used 27233K, capacity 28130K, committed 28416K, reserved 1073152K
  class space    used 3549K, capacity 3793K, committed 3840K, reserved 1048576K
}
Event: 535.346 GC heap before
{Heap before GC invocations=110 (full 9):
 PSYoungGen      total 470528K, used 408928K [0x0000000795580000, 0x00000007ba580000, 0x00000007c0000000)
  eden space 346112K, 100% used [0x0000000795580000,0x00000007aa780000,0x00000007aa780000)
  from space 124416K, 50% used [0x00000007b2c00000,0x00000007b6958000,0x00000007ba580000)
  to   space 130048K, 0% used [0x00000007aa780000,0x00000007aa780000,0x00000007b2680000)
 ParOldGen       total 646656K, used 466367K [0x0000000740000000, 0x0000000767780000, 0x0000000795580000)
  object space 646656K, 72% used [0x0000000740000000,0x000000075c76fc58,0x0000000767780000)
 Metaspace       used 27233K, capacity 28130K, committed 28416K, reserved 1073152K
  class space    used 3549K, capacity 3793K, committed 3840K, reserved 1048576K
Event: 535.448 GC heap after
Heap after GC invocations=110 (full 9):
 PSYoungGen      total 476160K, used 97344K [0x0000000795580000, 0x00000007bd480000, 0x00000007c0000000)
  eden space 346112K, 0% used [0x0000000795580000,0x0000000795580000,0x00000007aa780000)
  from space 130048K, 74% used [0x00000007aa780000,0x00000007b0690000,0x00000007b2680000)
  to   space 137216K, 0% used [0x00000007b4e80000,0x00000007b4e80000,0x00000007bd480000)
 ParOldGen       total 646656K, used 466367K [0x0000000740000000, 0x0000000767780000, 0x0000000795580000)
  object space 646656K, 72% used [0x0000000740000000,0x000000075c76fc58,0x0000000767780000)
 Metaspace       used 27233K, capacity 28130K, committed 28416K, reserved 1073152K
  class space    used 3549K, capacity 3793K, committed 3840K, reserved 1048576K
}
Event: 535.572 GC heap before
{Heap before GC invocations=111 (full 9):
 PSYoungGen      total 476160K, used 443456K [0x0000000795580000, 0x00000007bd480000, 0x00000007c0000000)
  eden space 346112K, 100% used [0x0000000795580000,0x00000007aa780000,0x00000007aa780000)
  from space 130048K, 74% used [0x00000007aa780000,0x00000007b0690000,0x00000007b2680000)
  to   space 137216K, 0% used [0x00000007b4e80000,0x00000007b4e80000,0x00000007bd480000)
 ParOldGen       total 646656K, used 466367K [0x0000000740000000, 0x0000000767780000, 0x0000000795580000)
  object space 646656K, 72% used [0x0000000740000000,0x000000075c76fc58,0x0000000767780000)
 Metaspace       used 27233K, capacity 28130K, committed 28416K, reserved 1073152K
  class space    used 3549K, capacity 3793K, committed 3840K, reserved 1048576K
Event: 535.751 GC heap after
Heap after GC invocations=111 (full 9):
 PSYoungGen      total 510464K, used 100192K [0x0000000795580000, 0x00000007be480000, 0x00000007c0000000)
  eden space 373248K, 0% used [0x0000000795580000,0x0000000795580000,0x00000007ac200000)
  from space 137216K, 73% used [0x00000007b4e80000,0x00000007bb058000,0x00000007bd480000)
  to   space 143872K, 0% used [0x00000007ac200000,0x00000007ac200000,0x00000007b4e80000)
 ParOldGen       total 646656K, used 498143K [0x0000000740000000, 0x0000000767780000, 0x0000000795580000)
  object space 646656K, 77% used [0x0000000740000000,0x000000075e677c58,0x0000000767780000)
 Metaspace       used 27233K, capacity 28130K, committed 28416K, reserved 1073152K
  class space    used 3549K, capacity 3793K, committed 3840K, reserved 1048576K
}

