# JRE version: Java(TM) SE Runtime Environment (8.0_191-b12) (build 1.8.0_191-b12)
# Java VM: Java HotSpot(TM) 64-Bit Server VM (25.191-b12 mixed mode bsd-amd64 compressed oops)
Heap:
 PSYoungGen      total 81920K, used 26176K [0x0000000795580000, 0x000000079f000000, 0x00000007c0000000)
  eden space 9728K, 29% used [0x0000000795580000,0x0000000795858330,0x0000000795f00000)
  from space 72192K, 32% used [0x000000079a980000,0x000000079c038000,0x000000079f000000)
  to   space 74240K, 0% used [0x0000000795f00000,0x0000000795f00000,0x000000079a780000)
 ParOldGen       total 195072K, used 152221K [0x0000000740000000, 0x000000074be80000, 0x0000000795580000)
  object space 195072K, 78% used [0x0000000740000000,0x00000007494a76c8,0x000000074be80000)
 Metaspace       used 18036K, capacity 18812K, committed 19072K, reserved 1064960K
  class space    used 2425K, capacity 2648K, committed 2688K, reserved 1048576K
GC Heap History (10 events):
Event: 278.918 GC heap before
{Heap before GC invocations=16 (full 1):
 PSYoungGen      total 66048K, used 65714K [0x0000000795580000, 0x000000079de80000, 0x00000007c0000000)
  eden space 13312K, 100% used [0x0000000795580000,0x0000000796280000,0x0000000796280000)
  from space 52736K, 99% used [0x0000000799d00000,0x000000079d02c808,0x000000079d080000)
  to   space 59904K, 0% used [0x0000000796280000,0x0000000796280000,0x0000000799d00000)
 ParOldGen       total 137216K, used 106034K [0x0000000740000000, 0x0000000748600000, 0x0000000795580000)
  object space 137216K, 77% used [0x0000000740000000,0x000000074678c940,0x0000000748600000)
 Metaspace       used 17630K, capacity 18394K, committed 18560K, reserved 1064960K
  class space    used 2396K, capacity 2615K, committed 2688K, reserved 1048576K
Event: 278.948 GC heap after
Heap after GC invocations=16 (full 1):
 PSYoungGen      total 73216K, used 58386K [0x0000000795580000, 0x000000079e780000, 0x00000007c0000000)
  eden space 13312K, 0% used [0x0000000795580000,0x0000000795580000,0x0000000796280000)
  from space 59904K, 97% used [0x0000000796280000,0x0000000799b84808,0x0000000799d00000)
  to   space 68096K, 0% used [0x000000079a500000,0x000000079a500000,0x000000079e780000)
 ParOldGen       total 137216K, used 106034K [0x0000000740000000, 0x0000000748600000, 0x0000000795580000)
  object space 137216K, 77% used [0x0000000740000000,0x000000074678c940,0x0000000748600000)
 Metaspace       used 17630K, capacity 18394K, committed 18560K, reserved 1064960K
  class space    used 2396K, capacity 2615K, committed 2688K, reserved 1048576K
}
Event: 289.481 GC heap before
{Heap before GC invocations=17 (full 1):
 PSYoungGen      total 73216K, used 71698K [0x0000000795580000, 0x000000079e780000, 0x00000007c0000000)
  eden space 13312K, 100% used [0x0000000795580000,0x0000000796280000,0x0000000796280000)
  from space 59904K, 97% used [0x0000000796280000,0x0000000799b84808,0x0000000799d00000)
  to   space 68096K, 0% used [0x000000079a500000,0x000000079a500000,0x000000079e780000)
 ParOldGen       total 137216K, used 116717K [0x0000000740000000, 0x0000000748600000, 0x0000000795580000)
  object space 137216K, 85% used [0x0000000740000000,0x00000007471fb548,0x0000000748600000)
 Metaspace       used 17630K, capacity 18394K, committed 18560K, reserved 1064960K
  class space    used 2396K, capacity 2615K, committed 2688K, reserved 1048576K
Event: 289.637 GC heap after
Heap after GC invocations=17 (full 1):
 PSYoungGen      total 75264K, used 57248K [0x0000000795580000, 0x000000079f380000, 0x00000007c0000000)
  eden space 7168K, 0% used [0x0000000795580000,0x0000000795580000,0x0000000795c80000)
  from space 68096K, 84% used [0x000000079a500000,0x000000079dce8000,0x000000079e780000)
  to   space 74240K, 0% used [0x0000000795c80000,0x0000000795c80000,0x000000079a500000)
 ParOldGen       total 137216K, used 116717K [0x0000000740000000, 0x0000000748600000, 0x0000000795580000)
  object space 137216K, 85% used [0x0000000740000000,0x00000007471fb548,0x0000000748600000)
 Metaspace       used 17630K, capacity 18394K, committed 18560K, reserved 1064960K
  class space    used 2396K, capacity 2615K, committed 2688K, reserved 1048576K
}
Event: 295.512 GC heap before
{Heap before GC invocations=18 (full 1):
 PSYoungGen      total 75264K, used 64416K [0x0000000795580000, 0x000000079f380000, 0x00000007c0000000)
  eden space 7168K, 100% used [0x0000000795580000,0x0000000795c80000,0x0000000795c80000)
  from space 68096K, 84% used [0x000000079a500000,0x000000079dce8000,0x000000079e780000)
  to   space 74240K, 0% used [0x0000000795c80000,0x0000000795c80000,0x000000079a500000)
 ParOldGen       total 137216K, used 116717K [0x0000000740000000, 0x0000000748600000, 0x0000000795580000)
  object space 137216K, 85% used [0x0000000740000000,0x00000007471fb548,0x0000000748600000)
 Metaspace       used 17630K, capacity 18394K, committed 18560K, reserved 1064960K
  class space    used 2396K, capacity 2615K, committed 2688K, reserved 1048576K
Event: 295.688 GC heap after
Heap after GC invocations=18 (full 1):
 PSYoungGen      total 81408K, used 50848K [0x0000000795580000, 0x000000079f400000, 0x00000007c0000000)
  eden space 7168K, 0% used [0x0000000795580000,0x0000000795580000,0x0000000795c80000)
  from space 74240K, 68% used [0x0000000795c80000,0x0000000798e28000,0x000000079a500000)
  to   space 76288K, 0% used [0x000000079a980000,0x000000079a980000,0x000000079f400000)
 ParOldGen       total 137216K, used 126381K [0x0000000740000000, 0x0000000748600000, 0x0000000795580000)
  object space 137216K, 92% used [0x0000000740000000,0x0000000747b6b548,0x0000000748600000)
 Metaspace       used 17630K, capacity 18394K, committed 18560K, reserved 1064960K
  class space    used 2396K, capacity 2615K, committed 2688K, reserved 1048576K
}
Event: 295.688 GC heap before
{Heap before GC invocations=19 (full 2):
 PSYoungGen      total 81408K, used 50848K [0x0000000795580000, 0x000000079f400000, 0x00000007c0000000)
  eden space 7168K, 0% used [0x0000000795580000,0x0000000795580000,0x0000000795c80000)
  from space 74240K, 68% used [0x0000000795c80000,0x0000000798e28000,0x000000079a500000)
  to   space 76288K, 0% used [0x000000079a980000,0x000000079a980000,0x000000079f400000)
 ParOldGen       total 137216K, used 126381K [0x0000000740000000, 0x0000000748600000, 0x0000000795580000)
  object space 137216K, 92% used [0x0000000740000000,0x0000000747b6b548,0x0000000748600000)
 Metaspace       used 17630K, capacity 18394K, committed 18560K, reserved 1064960K
  class space    used 2396K, capacity 2615K, committed 2688K, reserved 1048576K
Event: 296.286 GC heap after
Heap after GC invocations=19 (full 2):
 PSYoungGen      total 81408K, used 35334K [0x0000000795580000, 0x000000079f400000, 0x00000007c0000000)
  eden space 7168K, 0% used [0x0000000795580000,0x0000000795580000,0x0000000795c80000)
  from space 74240K, 47% used [0x0000000795c80000,0x0000000797f01a70,0x000000079a500000)
  to   space 76288K, 0% used [0x000000079a980000,0x000000079a980000,0x000000079f400000)
 ParOldGen       total 195072K, used 136725K [0x0000000740000000, 0x000000074be80000, 0x0000000795580000)
  object space 195072K, 70% used [0x0000000740000000,0x00000007485856c8,0x000000074be80000)
 Metaspace       used 17630K, capacity 18394K, committed 18560K, reserved 1064960K
  class space    used 2396K, capacity 2615K, committed 2688K, reserved 1048576K
}
Event: 301.323 GC heap before
{Heap before GC invocations=20 (full 2):
 PSYoungGen      total 81408K, used 42502K [0x0000000795580000, 0x000000079f400000, 0x00000007c0000000)
  eden space 7168K, 100% used [0x0000000795580000,0x0000000795c80000,0x0000000795c80000)
  from space 74240K, 47% used [0x0000000795c80000,0x0000000797f01a70,0x000000079a500000)
  to   space 76288K, 0% used [0x000000079a980000,0x000000079a980000,0x000000079f400000)
 ParOldGen       total 195072K, used 136725K [0x0000000740000000, 0x000000074be80000, 0x0000000795580000)
  object space 195072K, 70% used [0x0000000740000000,0x00000007485856c8,0x000000074be80000)
 Metaspace       used 17630K, capacity 18394K, committed 18560K, reserved 1064960K
  class space    used 2396K, capacity 2615K, committed 2688K, reserved 1048576K
Event: 301.432 GC heap after
Heap after GC invocations=20 (full 2):
 PSYoungGen      total 81920K, used 23264K [0x0000000795580000, 0x000000079f000000, 0x00000007c0000000)
  eden space 9728K, 0% used [0x0000000795580000,0x0000000795580000,0x0000000795f00000)
  from space 72192K, 32% used [0x000000079a980000,0x000000079c038000,0x000000079f000000)
  to   space 74240K, 0% used [0x0000000795f00000,0x0000000795f00000,0x000000079a780000)
 ParOldGen       total 195072K, used 152221K [0x0000000740000000, 0x000000074be80000, 0x0000000795580000)
  object space 195072K, 78% used [0x0000000740000000,0x00000007494a76c8,0x000000074be80000)
 Metaspace       used 17630K, capacity 18394K, committed 18560K, reserved 1064960K
  class space    used 2396K, capacity 2615K, committed 2688K, reserved 1048576K
}

