# JRE version: Java(TM) SE Runtime Environment (8.0_191-b12) (build 1.8.0_191-b12)
# Java VM: Java HotSpot(TM) 64-Bit Server VM (25.191-b12 mixed mode bsd-amd64 compressed oops)
Heap:
 PSYoungGen      total 38912K, used 31542K [0x0000000795580000, 0x0000000798a80000, 0x00000007c0000000)
  eden space 23552K, 96% used [0x0000000795580000,0x0000000796ba4f80,0x0000000796c80000)
  from space 15360K, 57% used [0x0000000797b80000,0x0000000798428930,0x0000000798a80000)
  to   space 15360K, 0% used [0x0000000796c80000,0x0000000796c80000,0x0000000797b80000)
 ParOldGen       total 119808K, used 106676K [0x0000000740000000, 0x0000000747500000, 0x0000000795580000)
  object space 119808K, 89% used [0x0000000740000000,0x000000074682d160,0x0000000747500000)
 Metaspace       used 24149K, capacity 25126K, committed 25216K, reserved 1071104K
  class space    used 3190K, capacity 3435K, committed 3456K, reserved 1048576K
GC Heap History (10 events):
Event: 114.444 GC heap before
{Heap before GC invocations=27 (full 1):
 PSYoungGen      total 27648K, used 27488K [0x0000000795580000, 0x0000000798800000, 0x00000007c0000000)
  eden space 24064K, 100% used [0x0000000795580000,0x0000000796d00000,0x0000000796d00000)
  from space 3584K, 95% used [0x0000000796d00000,0x0000000797058000,0x0000000797080000)
  to   space 13824K, 0% used [0x0000000797a80000,0x0000000797a80000,0x0000000798800000)
 ParOldGen       total 119808K, used 97972K [0x0000000740000000, 0x0000000747500000, 0x0000000795580000)
  object space 119808K, 81% used [0x0000000740000000,0x0000000745fad348,0x0000000747500000)
 Metaspace       used 17803K, capacity 18570K, committed 18816K, reserved 1064960K
  class space    used 2417K, capacity 2637K, committed 2688K, reserved 1048576K
Event: 114.462 GC heap after
Heap after GC invocations=27 (full 1):
 PSYoungGen      total 38400K, used 3392K [0x0000000795580000, 0x0000000798b80000, 0x00000007c0000000)
  eden space 24576K, 0% used [0x0000000795580000,0x0000000795580000,0x0000000796d80000)
  from space 13824K, 24% used [0x0000000797a80000,0x0000000797dd0000,0x0000000798800000)
  to   space 13312K, 0% used [0x0000000796d80000,0x0000000796d80000,0x0000000797a80000)
 ParOldGen       total 119808K, used 100836K [0x0000000740000000, 0x0000000747500000, 0x0000000795580000)
  object space 119808K, 84% used [0x0000000740000000,0x0000000746279348,0x0000000747500000)
 Metaspace       used 17803K, capacity 18570K, committed 18816K, reserved 1064960K
  class space    used 2417K, capacity 2637K, committed 2688K, reserved 1048576K
}
Event: 125.487 GC heap before
{Heap before GC invocations=28 (full 1):
 PSYoungGen      total 38400K, used 27968K [0x0000000795580000, 0x0000000798b80000, 0x00000007c0000000)
  eden space 24576K, 100% used [0x0000000795580000,0x0000000796d80000,0x0000000796d80000)
  from space 13824K, 24% used [0x0000000797a80000,0x0000000797dd0000,0x0000000798800000)
  to   space 13312K, 0% used [0x0000000796d80000,0x0000000796d80000,0x0000000797a80000)
 ParOldGen       total 119808K, used 100836K [0x0000000740000000, 0x0000000747500000, 0x0000000795580000)
  object space 119808K, 84% used [0x0000000740000000,0x0000000746279348,0x0000000747500000)
 Metaspace       used 23475K, capacity 24360K, committed 24448K, reserved 1071104K
  class space    used 3182K, capacity 3424K, committed 3456K, reserved 1048576K
Event: 125.502 GC heap after
Heap after GC invocations=28 (full 1):
 PSYoungGen      total 37376K, used 11807K [0x0000000795580000, 0x0000000798a00000, 0x00000007c0000000)
  eden space 24064K, 0% used [0x0000000795580000,0x0000000795580000,0x0000000796d00000)
  from space 13312K, 88% used [0x0000000796d80000,0x0000000797907ee0,0x0000000797a80000)
  to   space 14848K, 0% used [0x0000000797b80000,0x0000000797b80000,0x0000000798a00000)
 ParOldGen       total 119808K, used 103692K [0x0000000740000000, 0x0000000747500000, 0x0000000795580000)
  object space 119808K, 86% used [0x0000000740000000,0x0000000746543348,0x0000000747500000)
 Metaspace       used 23475K, capacity 24360K, committed 24448K, reserved 1071104K
  class space    used 3182K, capacity 3424K, committed 3456K, reserved 1048576K
}
Event: 142.983 GC heap before
{Heap before GC invocations=29 (full 1):
 PSYoungGen      total 37376K, used 35871K [0x0000000795580000, 0x0000000798a00000, 0x00000007c0000000)
  eden space 24064K, 100% used [0x0000000795580000,0x0000000796d00000,0x0000000796d00000)
  from space 13312K, 88% used [0x0000000796d80000,0x0000000797907ee0,0x0000000797a80000)
  to   space 14848K, 0% used [0x0000000797b80000,0x0000000797b80000,0x0000000798a00000)
 ParOldGen       total 119808K, used 103692K [0x0000000740000000, 0x0000000747500000, 0x0000000795580000)
  object space 119808K, 86% used [0x0000000740000000,0x0000000746543348,0x0000000747500000)
 Metaspace       used 23732K, capacity 24620K, committed 24704K, reserved 1071104K
  class space    used 3182K, capacity 3424K, committed 3456K, reserved 1048576K
Event: 142.992 GC heap after
Heap after GC invocations=29 (full 1):
 PSYoungGen      total 38400K, used 8782K [0x0000000795580000, 0x0000000798b00000, 0x00000007c0000000)
  eden space 23552K, 0% used [0x0000000795580000,0x0000000795580000,0x0000000796c80000)
  from space 14848K, 59% used [0x0000000797b80000,0x0000000798413b10,0x0000000798a00000)
  to   space 15360K, 0% used [0x0000000796c80000,0x0000000796c80000,0x0000000797b80000)
 ParOldGen       total 119808K, used 106660K [0x0000000740000000, 0x0000000747500000, 0x0000000795580000)
  object space 119808K, 89% used [0x0000000740000000,0x0000000746829160,0x0000000747500000)
 Metaspace       used 23732K, capacity 24620K, committed 24704K, reserved 1071104K
  class space    used 3182K, capacity 3424K, committed 3456K, reserved 1048576K
}
Event: 146.121 GC heap before
{Heap before GC invocations=30 (full 1):
 PSYoungGen      total 38400K, used 32334K [0x0000000795580000, 0x0000000798b00000, 0x00000007c0000000)
  eden space 23552K, 100% used [0x0000000795580000,0x0000000796c80000,0x0000000796c80000)
  from space 14848K, 59% used [0x0000000797b80000,0x0000000798413b10,0x0000000798a00000)
  to   space 15360K, 0% used [0x0000000796c80000,0x0000000796c80000,0x0000000797b80000)
 ParOldGen       total 119808K, used 106660K [0x0000000740000000, 0x0000000747500000, 0x0000000795580000)
  object space 119808K, 89% used [0x0000000740000000,0x0000000746829160,0x0000000747500000)
 Metaspace       used 23817K, capacity 24756K, committed 24960K, reserved 1071104K
  class space    used 3182K, capacity 3424K, committed 3456K, reserved 1048576K
Event: 146.123 GC heap after
Heap after GC invocations=30 (full 1):
 PSYoungGen      total 38912K, used 8929K [0x0000000795580000, 0x0000000798a80000, 0x00000007c0000000)
  eden space 23552K, 0% used [0x0000000795580000,0x0000000795580000,0x0000000796c80000)
  from space 15360K, 58% used [0x0000000796c80000,0x0000000797538680,0x0000000797b80000)
  to   space 15360K, 0% used [0x0000000797b80000,0x0000000797b80000,0x0000000798a80000)
 ParOldGen       total 119808K, used 106668K [0x0000000740000000, 0x0000000747500000, 0x0000000795580000)
  object space 119808K, 89% used [0x0000000740000000,0x000000074682b160,0x0000000747500000)
 Metaspace       used 23817K, capacity 24756K, committed 24960K, reserved 1071104K
  class space    used 3182K, capacity 3424K, committed 3456K, reserved 1048576K
}
Event: 217.622 GC heap before
{Heap before GC invocations=31 (full 1):
 PSYoungGen      total 38912K, used 32481K [0x0000000795580000, 0x0000000798a80000, 0x00000007c0000000)
  eden space 23552K, 100% used [0x0000000795580000,0x0000000796c80000,0x0000000796c80000)
  from space 15360K, 58% used [0x0000000796c80000,0x0000000797538680,0x0000000797b80000)
  to   space 15360K, 0% used [0x0000000797b80000,0x0000000797b80000,0x0000000798a80000)
 ParOldGen       total 119808K, used 106668K [0x0000000740000000, 0x0000000747500000, 0x0000000795580000)
  object space 119808K, 89% used [0x0000000740000000,0x000000074682b160,0x0000000747500000)
 Metaspace       used 23821K, capacity 24756K, committed 24960K, reserved 1071104K
  class space    used 3183K, capacity 3424K, committed 3456K, reserved 1048576K
Event: 217.626 GC heap after
Heap after GC invocations=31 (full 1):
 PSYoungGen      total 38912K, used 8866K [0x0000000795580000, 0x0000000798a80000, 0x00000007c0000000)
  eden space 23552K, 0% used [0x0000000795580000,0x0000000795580000,0x0000000796c80000)
  from space 15360K, 57% used [0x0000000797b80000,0x0000000798428930,0x0000000798a80000)
  to   space 15360K, 0% used [0x0000000796c80000,0x0000000796c80000,0x0000000797b80000)
 ParOldGen       total 119808K, used 106676K [0x0000000740000000, 0x0000000747500000, 0x0000000795580000)
  object space 119808K, 89% used [0x0000000740000000,0x000000074682d160,0x0000000747500000)
 Metaspace       used 23821K, capacity 24756K, committed 24960K, reserved 1071104K
  class space    used 3183K, capacity 3424K, committed 3456K, reserved 1048576K
}

