# JRE version: Java(TM) SE Runtime Environment (8.0_191-b12) (build 1.8.0_191-b12)
# Java VM: Java HotSpot(TM) 64-Bit Server VM (25.191-b12 mixed mode bsd-amd64 compressed oops)
Heap:
 PSYoungGen      total 267776K, used 88553K [0x0000000795580000, 0x00000007ab280000, 0x00000007c0000000)
  eden space 210944K, 31% used [0x0000000795580000,0x00000007997507d0,0x00000007a2380000)
  from space 56832K, 37% used [0x00000007a2380000,0x00000007a3829d20,0x00000007a5b00000)
  to   space 62976K, 0% used [0x00000007a7500000,0x00000007a7500000,0x00000007ab280000)
 ParOldGen       total 707584K, used 576175K [0x0000000740000000, 0x000000076b300000, 0x0000000795580000)
  object space 707584K, 81% used [0x0000000740000000,0x00000007632abd40,0x000000076b300000)
 Metaspace       used 27176K, capacity 28118K, committed 28416K, reserved 1073152K
  class space    used 3550K, capacity 3793K, committed 3840K, reserved 1048576K
GC Heap History (10 events):
Event: 329.685 GC heap before
{Heap before GC invocations=90 (full 8):
 PSYoungGen      total 228352K, used 223680K [0x0000000795580000, 0x00000007a7100000, 0x00000007c0000000)
  eden space 190464K, 100% used [0x0000000795580000,0x00000007a0f80000,0x00000007a0f80000)
  from space 37888K, 87% used [0x00000007a0f80000,0x00000007a2ff0000,0x00000007a3480000)
  to   space 41472K, 0% used [0x00000007a4880000,0x00000007a4880000,0x00000007a7100000)
 ParOldGen       total 576512K, used 483965K [0x0000000740000000, 0x0000000763300000, 0x0000000795580000)
  object space 576512K, 83% used [0x0000000740000000,0x000000075d89f7e0,0x0000000763300000)
 Metaspace       used 27163K, capacity 28118K, committed 28416K, reserved 1073152K
  class space    used 3550K, capacity 3793K, committed 3840K, reserved 1048576K
Event: 329.744 GC heap after
Heap after GC invocations=90 (full 8):
 PSYoungGen      total 239104K, used 41472K [0x0000000795580000, 0x00000007a8500000, 0x00000007c0000000)
  eden space 197632K, 0% used [0x0000000795580000,0x0000000795580000,0x00000007a1680000)
  from space 41472K, 100% used [0x00000007a4880000,0x00000007a7100000,0x00000007a7100000)
  to   space 51200K, 0% used [0x00000007a1680000,0x00000007a1680000,0x00000007a4880000)
 ParOldGen       total 576512K, used 494349K [0x0000000740000000, 0x0000000763300000, 0x0000000795580000)
  object space 576512K, 85% used [0x0000000740000000,0x000000075e2c37e0,0x0000000763300000)
 Metaspace       used 27163K, capacity 28118K, committed 28416K, reserved 1073152K
  class space    used 3550K, capacity 3793K, committed 3840K, reserved 1048576K
}
Event: 329.818 GC heap before
{Heap before GC invocations=91 (full 8):
 PSYoungGen      total 239104K, used 239104K [0x0000000795580000, 0x00000007a8500000, 0x00000007c0000000)
  eden space 197632K, 100% used [0x0000000795580000,0x00000007a1680000,0x00000007a1680000)
  from space 41472K, 100% used [0x00000007a4880000,0x00000007a7100000,0x00000007a7100000)
  to   space 51200K, 0% used [0x00000007a1680000,0x00000007a1680000,0x00000007a4880000)
 ParOldGen       total 576512K, used 494349K [0x0000000740000000, 0x0000000763300000, 0x0000000795580000)
  object space 576512K, 85% used [0x0000000740000000,0x000000075e2c37e0,0x0000000763300000)
 Metaspace       used 27163K, capacity 28118K, committed 28416K, reserved 1073152K
  class space    used 3550K, capacity 3793K, committed 3840K, reserved 1048576K
Event: 329.883 GC heap after
Heap after GC invocations=91 (full 8):
 PSYoungGen      total 248832K, used 28224K [0x0000000795580000, 0x00000007a8c00000, 0x00000007c0000000)
  eden space 197632K, 0% used [0x0000000795580000,0x0000000795580000,0x00000007a1680000)
  from space 51200K, 55% used [0x00000007a1680000,0x00000007a3210000,0x00000007a4880000)
  to   space 50176K, 0% used [0x00000007a5b00000,0x00000007a5b00000,0x00000007a8c00000)
 ParOldGen       total 576512K, used 527597K [0x0000000740000000, 0x0000000763300000, 0x0000000795580000)
  object space 576512K, 91% used [0x0000000740000000,0x000000076033b7e0,0x0000000763300000)
 Metaspace       used 27163K, capacity 28118K, committed 28416K, reserved 1073152K
  class space    used 3550K, capacity 3793K, committed 3840K, reserved 1048576K
}
Event: 329.956 GC heap before
{Heap before GC invocations=92 (full 8):
 PSYoungGen      total 248832K, used 225856K [0x0000000795580000, 0x00000007a8c00000, 0x00000007c0000000)
  eden space 197632K, 100% used [0x0000000795580000,0x00000007a1680000,0x00000007a1680000)
  from space 51200K, 55% used [0x00000007a1680000,0x00000007a3210000,0x00000007a4880000)
  to   space 50176K, 0% used [0x00000007a5b00000,0x00000007a5b00000,0x00000007a8c00000)
 ParOldGen       total 576512K, used 527597K [0x0000000740000000, 0x0000000763300000, 0x0000000795580000)
  object space 576512K, 91% used [0x0000000740000000,0x000000076033b7e0,0x0000000763300000)
 Metaspace       used 27163K, capacity 28118K, committed 28416K, reserved 1073152K
  class space    used 3550K, capacity 3793K, committed 3840K, reserved 1048576K
Event: 329.993 GC heap after
Heap after GC invocations=92 (full 8):
 PSYoungGen      total 261120K, used 49179K [0x0000000795580000, 0x00000007a9880000, 0x00000007c0000000)
  eden space 210944K, 0% used [0x0000000795580000,0x0000000795580000,0x00000007a2380000)
  from space 50176K, 98% used [0x00000007a5b00000,0x00000007a8b06c08,0x00000007a8c00000)
  to   space 56832K, 0% used [0x00000007a2380000,0x00000007a2380000,0x00000007a5b00000)
 ParOldGen       total 576512K, used 536077K [0x0000000740000000, 0x0000000763300000, 0x0000000795580000)
  object space 576512K, 92% used [0x0000000740000000,0x0000000760b837e0,0x0000000763300000)
 Metaspace       used 27163K, capacity 28118K, committed 28416K, reserved 1073152K
  class space    used 3550K, capacity 3793K, committed 3840K, reserved 1048576K
}
Event: 330.080 GC heap before
{Heap before GC invocations=93 (full 8):
 PSYoungGen      total 261120K, used 260123K [0x0000000795580000, 0x00000007a9880000, 0x00000007c0000000)
  eden space 210944K, 100% used [0x0000000795580000,0x00000007a2380000,0x00000007a2380000)
  from space 50176K, 98% used [0x00000007a5b00000,0x00000007a8b06c08,0x00000007a8c00000)
  to   space 56832K, 0% used [0x00000007a2380000,0x00000007a2380000,0x00000007a5b00000)
 ParOldGen       total 576512K, used 536077K [0x0000000740000000, 0x0000000763300000, 0x0000000795580000)
  object space 576512K, 92% used [0x0000000740000000,0x0000000760b837e0,0x0000000763300000)
 Metaspace       used 27163K, capacity 28118K, committed 28416K, reserved 1073152K
  class space    used 3550K, capacity 3793K, committed 3840K, reserved 1048576K
Event: 330.115 GC heap after
Heap after GC invocations=93 (full 8):
 PSYoungGen      total 267776K, used 50491K [0x0000000795580000, 0x00000007ab280000, 0x00000007c0000000)
  eden space 210944K, 0% used [0x0000000795580000,0x0000000795580000,0x00000007a2380000)
  from space 56832K, 88% used [0x00000007a2380000,0x00000007a54cec08,0x00000007a5b00000)
  to   space 62976K, 0% used [0x00000007a7500000,0x00000007a7500000,0x00000007ab280000)
 ParOldGen       total 576512K, used 555989K [0x0000000740000000, 0x0000000763300000, 0x0000000795580000)
  object space 576512K, 96% used [0x0000000740000000,0x0000000761ef57e0,0x0000000763300000)
 Metaspace       used 27163K, capacity 28118K, committed 28416K, reserved 1073152K
  class space    used 3550K, capacity 3793K, committed 3840K, reserved 1048576K
}
Event: 330.115 GC heap before
{Heap before GC invocations=94 (full 9):
 PSYoungGen      total 267776K, used 50491K [0x0000000795580000, 0x00000007ab280000, 0x00000007c0000000)
  eden space 210944K, 0% used [0x0000000795580000,0x0000000795580000,0x00000007a2380000)
  from space 56832K, 88% used [0x00000007a2380000,0x00000007a54cec08,0x00000007a5b00000)
  to   space 62976K, 0% used [0x00000007a7500000,0x00000007a7500000,0x00000007ab280000)
 ParOldGen       total 576512K, used 555989K [0x0000000740000000, 0x0000000763300000, 0x0000000795580000)
  object space 576512K, 96% used [0x0000000740000000,0x0000000761ef57e0,0x0000000763300000)
 Metaspace       used 27163K, capacity 28118K, committed 28416K, reserved 1073152K
  class space    used 3550K, capacity 3793K, committed 3840K, reserved 1048576K
Event: 331.056 GC heap after
Heap after GC invocations=94 (full 9):
 PSYoungGen      total 267776K, used 21159K [0x0000000795580000, 0x00000007ab280000, 0x00000007c0000000)
  eden space 210944K, 0% used [0x0000000795580000,0x0000000795580000,0x00000007a2380000)
  from space 56832K, 37% used [0x00000007a2380000,0x00000007a3829d20,0x00000007a5b00000)
  to   space 62976K, 0% used [0x00000007a7500000,0x00000007a7500000,0x00000007ab280000)
 ParOldGen       total 707584K, used 576175K [0x0000000740000000, 0x000000076b300000, 0x0000000795580000)
  object space 707584K, 81% used [0x0000000740000000,0x00000007632abd40,0x000000076b300000)
 Metaspace       used 27163K, capacity 28118K, committed 28416K, reserved 1073152K
  class space    used 3550K, capacity 3793K, committed 3840K, reserved 1048576K
}

